06/12/2022 07:49:08 PM parameters: 543201
06/12/2022 07:49:22 PM Before Training Loss: 0.1959317846353664
06/12/2022 07:50:50 PM Epoch [1/50], Training Time: 87.916, Loss: 0.03947482006258274
06/12/2022 07:51:04 PM Epoch [1/50], Testing Time: 14.397, Loss: 0.0019187262324340767
06/12/2022 07:52:31 PM Epoch [2/50], Training Time: 86.232, Loss: 0.002407300139345788
06/12/2022 07:52:45 PM Epoch [2/50], Testing Time: 14.122, Loss: 0.008592590340713968
06/12/2022 07:58:42 PM parameters: 543201
06/12/2022 07:58:56 PM Before Training Test Loss: 0.1959317846353664
06/12/2022 08:00:24 PM Epoch [1/50], Training Time: 87.206, Loss: 0.03947482006258274
06/12/2022 08:00:38 PM Epoch [1/50], Testing Time: 13.892, Loss: 0.0019187262324340767
06/12/2022 08:02:04 PM Epoch [2/50], Training Time: 86.142, Loss: 0.002407300139345788
06/12/2022 08:02:18 PM Epoch [2/50], Testing Time: 13.894, Loss: 0.008592590340713968
06/12/2022 08:03:44 PM Epoch [3/50], Training Time: 86.106, Loss: 0.0029152912272772924
06/12/2022 08:03:58 PM Epoch [3/50], Testing Time: 13.959, Loss: 0.0011065042495260675
06/12/2022 08:05:24 PM Epoch [4/50], Training Time: 86.148, Loss: 0.0026352177609340953
06/12/2022 08:05:38 PM Epoch [4/50], Testing Time: 13.909, Loss: 0.0015143259091980187
06/12/2022 08:07:04 PM Epoch [5/50], Training Time: 86.136, Loss: 0.0024735135186189712
06/12/2022 08:07:18 PM Epoch [5/50], Testing Time: 13.919, Loss: 0.0011316647701830548
06/12/2022 08:08:46 PM Epoch [6/50], Training Time: 87.237, Loss: 0.0019433354182258654
06/12/2022 08:09:00 PM Epoch [6/50], Testing Time: 13.934, Loss: 0.0012244042285112784
06/12/2022 08:10:27 PM Epoch [7/50], Training Time: 87.106, Loss: 0.0014156725786246636
06/12/2022 08:10:41 PM Epoch [7/50], Testing Time: 13.975, Loss: 0.0006781800965013257
06/12/2022 08:12:10 PM Epoch [8/50], Training Time: 88.886, Loss: 0.0014166520768939563
06/12/2022 08:12:24 PM Epoch [8/50], Testing Time: 13.901, Loss: 0.0010146905299732148
06/12/2022 08:13:53 PM Epoch [9/50], Training Time: 88.676, Loss: 0.0009547260243912186
06/12/2022 08:14:07 PM Epoch [9/50], Testing Time: 13.999, Loss: 0.0016152857779043917
06/12/2022 08:15:36 PM Epoch [10/50], Training Time: 89.563, Loss: 0.0008888451697843275
06/12/2022 08:15:50 PM Epoch [10/50], Testing Time: 14.068, Loss: 0.0005730079372731719
06/12/2022 08:17:19 PM Epoch [11/50], Training Time: 89.008, Loss: 0.0006996298730775019
06/12/2022 08:17:34 PM Epoch [11/50], Testing Time: 14.109, Loss: 0.000531991160282497
06/12/2022 08:19:01 PM Epoch [12/50], Training Time: 87.285, Loss: 0.0006152742263440987
06/12/2022 08:19:15 PM Epoch [12/50], Testing Time: 14.044, Loss: 0.0004641697179897296
06/12/2022 08:20:43 PM Epoch [13/50], Training Time: 87.931, Loss: 0.0004951989923335285
06/12/2022 08:20:57 PM Epoch [13/50], Testing Time: 13.941, Loss: 0.0003435317044433938
06/12/2022 08:22:24 PM Epoch [14/50], Training Time: 87.107, Loss: 0.0004574851421688972
06/12/2022 08:22:38 PM Epoch [14/50], Testing Time: 13.936, Loss: 0.0003775076456005488
06/12/2022 08:24:06 PM Epoch [15/50], Training Time: 87.183, Loss: 0.0003884940216874136
06/12/2022 08:24:19 PM Epoch [15/50], Testing Time: 13.936, Loss: 0.0002924822426466656
06/12/2022 08:25:47 PM Epoch [16/50], Training Time: 87.012, Loss: 0.00033526754615941624
06/12/2022 08:26:01 PM Epoch [16/50], Testing Time: 13.938, Loss: 0.0004177526989365141
06/12/2022 08:27:24 PM Epoch [17/50], Training Time: 83.736, Loss: 0.0002836177085344662
06/12/2022 08:27:38 PM Epoch [17/50], Testing Time: 13.998, Loss: 0.00020484453322800857
06/12/2022 08:29:05 PM Epoch [18/50], Training Time: 86.469, Loss: 0.00026764570843158786
06/12/2022 08:29:19 PM Epoch [18/50], Testing Time: 13.970, Loss: 0.000455389827231453
06/12/2022 08:30:50 PM Epoch [19/50], Training Time: 90.672, Loss: 0.00026040085323439035
06/12/2022 08:31:04 PM Epoch [19/50], Testing Time: 13.866, Loss: 0.00020650419851535516
06/12/2022 08:32:31 PM Epoch [20/50], Training Time: 87.212, Loss: 0.000230686895365041
06/12/2022 08:32:45 PM Epoch [20/50], Testing Time: 13.897, Loss: 0.00025361279276177377
06/12/2022 08:34:12 PM Epoch [21/50], Training Time: 86.580, Loss: 0.00019715640389600283
06/12/2022 08:34:26 PM Epoch [21/50], Testing Time: 13.939, Loss: 0.0002024173988034625
06/12/2022 08:35:52 PM Epoch [22/50], Training Time: 86.000, Loss: 0.00019164248469487522
06/12/2022 08:36:06 PM Epoch [22/50], Testing Time: 13.911, Loss: 0.0002664856614036009
06/12/2022 08:37:34 PM Epoch [23/50], Training Time: 88.095, Loss: 0.00018132580245158384
06/12/2022 08:37:48 PM Epoch [23/50], Testing Time: 13.912, Loss: 0.00018020634745784315
06/12/2022 08:39:16 PM Epoch [24/50], Training Time: 87.704, Loss: 0.0001719873253764279
06/12/2022 08:39:29 PM Epoch [24/50], Testing Time: 13.864, Loss: 0.00021460537537896298
06/12/2022 08:40:57 PM Epoch [25/50], Training Time: 87.684, Loss: 0.0001527753642271584
06/12/2022 08:41:11 PM Epoch [25/50], Testing Time: 13.884, Loss: 0.0001990658584950571
06/12/2022 08:42:37 PM Epoch [26/50], Training Time: 85.769, Loss: 0.0001537332762933132
06/12/2022 08:42:51 PM Epoch [26/50], Testing Time: 13.825, Loss: 0.00018234076309482595
06/12/2022 08:44:17 PM Epoch [27/50], Training Time: 85.837, Loss: 0.00014138406951126853
06/12/2022 08:44:31 PM Epoch [27/50], Testing Time: 13.846, Loss: 0.00015459309056601597
06/12/2022 08:45:56 PM Epoch [28/50], Training Time: 85.691, Loss: 0.00012879326638373927
06/12/2022 08:46:10 PM Epoch [28/50], Testing Time: 13.861, Loss: 0.00014874304275926941
06/12/2022 08:47:36 PM Epoch [29/50], Training Time: 85.982, Loss: 0.00012807421559077168
06/12/2022 08:47:50 PM Epoch [29/50], Testing Time: 13.868, Loss: 0.00012518321418798875
06/12/2022 08:49:16 PM Epoch [30/50], Training Time: 85.995, Loss: 0.00011958783341702554
06/12/2022 08:49:30 PM Epoch [30/50], Testing Time: 13.871, Loss: 0.0001526389913110048
06/12/2022 08:50:58 PM Epoch [31/50], Training Time: 87.132, Loss: 0.0001148104342588979
06/12/2022 08:51:11 PM Epoch [31/50], Testing Time: 13.895, Loss: 0.00018260670455348034
06/12/2022 08:52:39 PM Epoch [32/50], Training Time: 87.666, Loss: 0.00010878687211884279
06/12/2022 08:52:53 PM Epoch [32/50], Testing Time: 13.876, Loss: 0.00022196430404678358
06/12/2022 08:54:21 PM Epoch [33/50], Training Time: 87.257, Loss: 0.000102514434889891
06/12/2022 08:54:34 PM Epoch [33/50], Testing Time: 13.897, Loss: 0.0001216356217304969
06/12/2022 08:56:01 PM Epoch [34/50], Training Time: 86.466, Loss: 9.948367000468781e-05
06/12/2022 08:56:15 PM Epoch [34/50], Testing Time: 13.859, Loss: 0.00015497254706894827
06/12/2022 08:57:41 PM Epoch [35/50], Training Time: 85.923, Loss: 9.579284331227168e-05
06/12/2022 08:57:55 PM Epoch [35/50], Testing Time: 13.898, Loss: 0.00015523607451715373
06/12/2022 08:59:21 PM Epoch [36/50], Training Time: 86.282, Loss: 9.451164871330561e-05
06/12/2022 08:59:35 PM Epoch [36/50], Testing Time: 14.076, Loss: 0.00017556438566546814
06/12/2022 09:01:02 PM Epoch [37/50], Training Time: 86.707, Loss: 8.908765857445624e-05
06/12/2022 09:01:16 PM Epoch [37/50], Testing Time: 13.898, Loss: 0.00014111561860246356
06/12/2022 09:02:42 PM Epoch [38/50], Training Time: 86.008, Loss: 8.61745824912349e-05
06/12/2022 09:02:56 PM Epoch [38/50], Testing Time: 13.912, Loss: 0.00012720042186088618
06/12/2022 09:04:22 PM Epoch [39/50], Training Time: 85.941, Loss: 8.421504498450655e-05
06/12/2022 09:04:36 PM Epoch [39/50], Testing Time: 13.919, Loss: 0.00017375690128999577
06/12/2022 09:06:02 PM Epoch [40/50], Training Time: 85.922, Loss: 7.990005514735651e-05
06/12/2022 09:06:16 PM Epoch [40/50], Testing Time: 13.915, Loss: 0.00015754107501800293
06/12/2022 09:07:42 PM Epoch [41/50], Training Time: 85.871, Loss: 7.614869116995196e-05
06/12/2022 09:07:56 PM Epoch [41/50], Testing Time: 13.894, Loss: 0.00011708801290668152
06/12/2022 09:09:22 PM Epoch [42/50], Training Time: 86.023, Loss: 7.428437329149663e-05
06/12/2022 09:09:36 PM Epoch [42/50], Testing Time: 13.873, Loss: 0.00013701398315659282
06/12/2022 09:11:02 PM Epoch [43/50], Training Time: 85.935, Loss: 7.335983512358163e-05
06/12/2022 09:11:16 PM Epoch [43/50], Testing Time: 13.927, Loss: 0.00011262685738255611
06/12/2022 09:12:42 PM Epoch [44/50], Training Time: 85.933, Loss: 7.480632702218548e-05
06/12/2022 09:12:56 PM Epoch [44/50], Testing Time: 13.861, Loss: 0.0001332920121988769
06/12/2022 09:14:22 PM Epoch [45/50], Training Time: 85.865, Loss: 6.457294427435278e-05
06/12/2022 09:14:36 PM Epoch [45/50], Testing Time: 13.880, Loss: 0.00015434675983423115
06/12/2022 09:16:02 PM Epoch [46/50], Training Time: 86.265, Loss: 6.433919630658508e-05
06/12/2022 09:16:16 PM Epoch [46/50], Testing Time: 13.881, Loss: 0.00010718916669471107
06/12/2022 09:17:42 PM Epoch [47/50], Training Time: 86.033, Loss: 6.445135205426418e-05
06/12/2022 09:17:56 PM Epoch [47/50], Testing Time: 13.868, Loss: 0.00014419484552763372
06/12/2022 09:19:26 PM Epoch [48/50], Training Time: 89.994, Loss: 6.127279642321157e-05
06/12/2022 09:19:40 PM Epoch [48/50], Testing Time: 13.870, Loss: 0.00014273987995430247
06/12/2022 09:21:10 PM Epoch [49/50], Training Time: 90.333, Loss: 6.18030343248902e-05
06/12/2022 09:21:24 PM Epoch [49/50], Testing Time: 13.862, Loss: 0.00010970975602407685
06/12/2022 09:22:55 PM Epoch [50/50], Training Time: 90.141, Loss: 5.8389527211588215e-05
06/12/2022 09:23:08 PM Epoch [50/50], Testing Time: 13.864, Loss: 0.0001298242652871031
